2017-12-09 00:24:33 Error: [MissingControllerException] Controller class Robots.txtController could not be found.
Exception Attributes: array (
  'class' => 'Robots.txtController',
  'plugin' => NULL,
)
Request URL: /robots.txt
Stack Trace:
#0 /home/u991974310/public_html/app/webroot/index.php(117): Dispatcher->dispatch(Object(CakeRequest), Object(CakeResponse))
#1 {main}
2017-12-10 06:38:41 Error: [MissingControllerException] Controller class AdminController could not be found.
Exception Attributes: array (
  'class' => 'AdminController',
  'plugin' => NULL,
)
Request URL: /devSite/admin
Stack Trace:
#0 C:\xampp\htdocs\devSite\app\webroot\index.php(117): Dispatcher->dispatch(Object(CakeRequest), Object(CakeResponse))
#1 {main}
2017-12-10 06:40:48 Error: [MissingActionException] Action AuthController::index() could not be found.
Exception Attributes: array (
  'controller' => 'AuthController',
  'action' => 'index',
)
Request URL: /devSite/administracion
Stack Trace:
#0 C:\xampp\htdocs\devSite\lib\Cake\Routing\Dispatcher.php(193): Controller->invokeAction(Object(CakeRequest))
#1 C:\xampp\htdocs\devSite\lib\Cake\Routing\Dispatcher.php(167): Dispatcher->_invoke(Object(AuthController), Object(CakeRequest))
#2 C:\xampp\htdocs\devSite\app\webroot\index.php(117): Dispatcher->dispatch(Object(CakeRequest), Object(CakeResponse))
#3 {main}
2017-12-10 06:41:24 Error: [PrivateActionException] Private Action AuthController::admin_index() is not directly accessible.
Exception Attributes: array (
  'controller' => 'AuthController',
  'action' => 'admin_index',
)
Request URL: /devSite/administracion
Stack Trace:
#0 C:\xampp\htdocs\devSite\lib\Cake\Routing\Dispatcher.php(193): Controller->invokeAction(Object(CakeRequest))
#1 C:\xampp\htdocs\devSite\lib\Cake\Routing\Dispatcher.php(167): Dispatcher->_invoke(Object(AuthController), Object(CakeRequest))
#2 C:\xampp\htdocs\devSite\app\webroot\index.php(117): Dispatcher->dispatch(Object(CakeRequest), Object(CakeResponse))
#3 {main}
2017-12-10 06:42:25 Error: [MissingActionException] Action AuthController::index() could not be found.
Exception Attributes: array (
  'controller' => 'AuthController',
  'action' => 'index',
)
Request URL: /devSite/management
Stack Trace:
#0 C:\xampp\htdocs\devSite\lib\Cake\Routing\Dispatcher.php(193): Controller->invokeAction(Object(CakeRequest))
#1 C:\xampp\htdocs\devSite\lib\Cake\Routing\Dispatcher.php(167): Dispatcher->_invoke(Object(AuthController), Object(CakeRequest))
#2 C:\xampp\htdocs\devSite\app\webroot\index.php(117): Dispatcher->dispatch(Object(CakeRequest), Object(CakeResponse))
#3 {main}
2017-12-10 06:43:02 Error: [MissingActionException] Action AuthController::index() could not be found.
Exception Attributes: array (
  'controller' => 'AuthController',
  'action' => 'index',
)
Request URL: /devSite/Auth
Stack Trace:
#0 C:\xampp\htdocs\devSite\lib\Cake\Routing\Dispatcher.php(193): Controller->invokeAction(Object(CakeRequest))
#1 C:\xampp\htdocs\devSite\lib\Cake\Routing\Dispatcher.php(167): Dispatcher->_invoke(Object(AuthController), Object(CakeRequest))
#2 C:\xampp\htdocs\devSite\app\webroot\index.php(117): Dispatcher->dispatch(Object(CakeRequest), Object(CakeResponse))
#3 {main}
2017-12-10 06:43:13 Error: [MissingViewException] View file "Auth\admin_index.ctp" is missing.
Exception Attributes: array (
  'file' => 'Auth\\admin_index.ctp',
)
Request URL: /devSite/admin/Auth
Stack Trace:
#0 C:\xampp\htdocs\devSite\lib\Cake\View\View.php(470): View->_getViewFileName('Auth\\admin_inde...')
#1 C:\xampp\htdocs\devSite\lib\Cake\Controller\Controller.php(963): View->render(NULL, NULL)
#2 C:\xampp\htdocs\devSite\lib\Cake\Routing\Dispatcher.php(200): Controller->render()
#3 C:\xampp\htdocs\devSite\lib\Cake\Routing\Dispatcher.php(167): Dispatcher->_invoke(Object(AuthController), Object(CakeRequest))
#4 C:\xampp\htdocs\devSite\app\webroot\index.php(117): Dispatcher->dispatch(Object(CakeRequest), Object(CakeResponse))
#5 {main}
